<?xml version="1.0" encoding="UTF-8"?>
<!-- Generated by org.testng.reporters.JUnitReportReporter -->
<testsuite hostname="DESKTOP-NIEC8VU" failures="0" tests="2" name="org.excelautomate.ExcelReadWrite" time="1.923" errors="0" timestamp="2023-04-29T18:47:54 IST" skipped="1">
  <testcase classname="org.excelautomate.ExcelReadWrite" name="write" time="1.923"/>
  <system-out/>
  <testcase classname="org.excelautomate.ExcelReadWrite" name="read">
    <skipped/>
  </testcase> <!-- read -->
  <system-out/>
</testsuite> <!-- org.excelautomate.ExcelReadWrite -->
