<?xml version="1.0" encoding="UTF-8"?>
<!-- Generated by org.testng.reporters.JUnitReportReporter -->
<testsuite hostname="DESKTOP-NIEC8VU" failures="0" tests="2" name="org.excelautomate.ExcelRW" time="2.842" errors="0" timestamp="2023-05-10T15:44:15 IST" skipped="0">
  <testcase classname="org.excelautomate.ExcelRW" name="read" time="1.997"/>
  <system-out/>
  <testcase classname="org.excelautomate.ExcelRW" name="write" time="0.845"/>
  <system-out/>
</testsuite> <!-- org.excelautomate.ExcelRW -->
