<?xml version="1.0" encoding="UTF-8"?>
<!-- Generated by org.testng.reporters.JUnitReportReporter -->
<testsuite hostname="DESKTOP-NIEC8VU" failures="0" tests="2" name="org.excelautomate.Pract" time="1.869" errors="0" timestamp="2023-04-29T21:20:03 IST" skipped="1">
  <testcase classname="org.excelautomate.Pract" name="write" time="1.869"/>
  <system-out/>
  <testcase classname="org.excelautomate.Pract" name="read">
    <skipped/>
  </testcase> <!-- read -->
  <system-out/>
</testsuite> <!-- org.excelautomate.Pract -->
