<?xml version="1.0" encoding="UTF-8"?>
<!-- Generated by org.testng.reporters.JUnitReportReporter -->
<testsuite hostname="DESKTOP-NIEC8VU" failures="0" tests="2" name="org.excelautomate.ExcelReadWriteXls" time="0.811" errors="0" timestamp="2023-04-29T19:33:43 IST" skipped="1">
  <testcase classname="org.excelautomate.ExcelReadWriteXls" name="write" time="0.811"/>
  <system-out/>
  <testcase classname="org.excelautomate.ExcelReadWriteXls" name="read">
    <skipped/>
  </testcase> <!-- read -->
  <system-out/>
</testsuite> <!-- org.excelautomate.ExcelReadWriteXls -->
